Using pre-set license
Built from '2021.3/staging' branch; Version is '2021.3.21f1 (1b156197d683) revision 1774945'; Using compiler version '192829333'; Build Type 'Release'
OS: 'Windows 11  (10.0.22621) 64bit CoreSingleLanguage' Language: 'es' Physical Memory: 15775 MB
BatchMode: 1, IsHumanControllingUs: 0, StartBugReporterOnCrash: 0, Is64bit: 1, IsPro: 1

COMMAND LINE ARGUMENTS:
C:\Program Files\Unity\Hub\Editor\2021.3.21f1\Editor\Unity.exe
-adb2
-batchMode
-noUpm
-name
AssetImportWorker1
-projectPath
C:/Users/manga/OneDrive/Escritorio/unity projects/Plataformero 2d
-logFile
Logs/AssetImportWorker1.log
-srvPort
64142
Successfully changed project path to: C:/Users/manga/OneDrive/Escritorio/unity projects/Plataformero 2d
C:/Users/manga/OneDrive/Escritorio/unity projects/Plataformero 2d
[UnityMemory] Configuration Parameters - Can be set up in boot.config
    "memorysetup-bucket-allocator-granularity=16"
    "memorysetup-bucket-allocator-bucket-count=8"
    "memorysetup-bucket-allocator-block-size=33554432"
    "memorysetup-bucket-allocator-block-count=8"
    "memorysetup-main-allocator-block-size=16777216"
    "memorysetup-thread-allocator-block-size=16777216"
    "memorysetup-gfx-main-allocator-block-size=16777216"
    "memorysetup-gfx-thread-allocator-block-size=16777216"
    "memorysetup-cache-allocator-block-size=4194304"
    "memorysetup-typetree-allocator-block-size=2097152"
    "memorysetup-profiler-bucket-allocator-granularity=16"
    "memorysetup-profiler-bucket-allocator-bucket-count=8"
    "memorysetup-profiler-bucket-allocator-block-size=33554432"
    "memorysetup-profiler-bucket-allocator-block-count=8"
    "memorysetup-profiler-allocator-block-size=16777216"
    "memorysetup-profiler-editor-allocator-block-size=1048576"
    "memorysetup-temp-allocator-size-main=16777216"
    "memorysetup-job-temp-allocator-block-size=2097152"
    "memorysetup-job-temp-allocator-block-size-background=1048576"
    "memorysetup-job-temp-allocator-reduction-small-platforms=262144"
    "memorysetup-temp-allocator-size-background-worker=32768"
    "memorysetup-temp-allocator-size-job-worker=262144"
    "memorysetup-temp-allocator-size-preload-manager=33554432"
    "memorysetup-temp-allocator-size-nav-mesh-worker=65536"
    "memorysetup-temp-allocator-size-audio-worker=65536"
    "memorysetup-temp-allocator-size-cloud-worker=32768"
    "memorysetup-temp-allocator-size-gi-baking-worker=262144"
    "memorysetup-temp-allocator-size-gfx=262144"
Player connection [39880] Host "[IP] 192.168.128.2 [Port] 0 [Flags] 2 [Guid] 517630634 [EditorId] 517630634 [Version] 1048832 [Id] WindowsEditor(7,LAPTOP-GM333H4S) [Debug] 1 [PackageName] WindowsEditor [ProjectName] Editor" joined multi-casting on [225.0.0.222:54997]...

Player connection [39880] Host "[IP] 192.168.128.2 [Port] 0 [Flags] 2 [Guid] 517630634 [EditorId] 517630634 [Version] 1048832 [Id] WindowsEditor(7,LAPTOP-GM333H4S) [Debug] 1 [PackageName] WindowsEditor [ProjectName] Editor" joined alternative multi-casting on [225.0.0.222:34997]...

Refreshing native plugins compatible for Editor in 96.50 ms, found 4 plugins.
Preloading 0 native plugins for Editor in 0.00 ms.
Initialize engine version: 2021.3.21f1 (1b156197d683)
[Subsystems] Discovering subsystems at path C:/Program Files/Unity/Hub/Editor/2021.3.21f1/Editor/Data/Resources/UnitySubsystems
[Subsystems] Discovering subsystems at path C:/Users/manga/OneDrive/Escritorio/unity projects/Plataformero 2d/Assets
GfxDevice: creating device client; threaded=0; jobified=0
Direct3D:
    Version:  Direct3D 11.0 [level 11.1]
    Renderer: NVIDIA GeForce RTX 3060 Laptop GPU (ID=0x2520)
    Vendor:   NVIDIA
    VRAM:     6023 MB
    Driver:   31.0.15.1640
Initialize mono
Mono path[0] = 'C:/Program Files/Unity/Hub/Editor/2021.3.21f1/Editor/Data/Managed'
Mono path[1] = 'C:/Program Files/Unity/Hub/Editor/2021.3.21f1/Editor/Data/MonoBleedingEdge/lib/mono/unityjit-win32'
Mono config path = 'C:/Program Files/Unity/Hub/Editor/2021.3.21f1/Editor/Data/MonoBleedingEdge/etc'
Using monoOptions --debugger-agent=transport=dt_socket,embedding=1,server=y,suspend=n,address=127.0.0.1:56092
Begin MonoManager ReloadAssembly
Registering precompiled unity dll's ...
Register platform support module: C:/Program Files/Unity/Hub/Editor/2021.3.21f1/Editor/Data/PlaybackEngines/WindowsStandaloneSupport/UnityEditor.WindowsStandalone.Extensions.dll
Registered in 0.008883 seconds.
Native extension for WindowsStandalone target not found
Refreshing native plugins compatible for Editor in 104.33 ms, found 4 plugins.
Preloading 0 native plugins for Editor in 0.00 ms.
Mono: successfully reloaded assembly
- Completed reload, in  0.712 seconds
Domain Reload Profiling:
	ReloadAssembly (712ms)
		BeginReloadAssembly (114ms)
			ExecutionOrderSort (0ms)
			DisableScriptedObjects (0ms)
			BackupInstance (0ms)
			ReleaseScriptingObjects (0ms)
			CreateAndSetChildDomain (1ms)
		EndReloadAssembly (491ms)
			LoadAssemblies (110ms)
			RebuildTransferFunctionScriptingTraits (0ms)
			SetupTypeCache (94ms)
			ReleaseScriptCaches (0ms)
			RebuildScriptCaches (37ms)
			SetupLoadedEditorAssemblies (298ms)
				LogAssemblyErrors (0ms)
				InitializePlatformSupportModulesInManaged (11ms)
				SetLoadedEditorAssemblies (0ms)
				RefreshPlugins (104ms)
				BeforeProcessingInitializeOnLoad (1ms)
				ProcessInitializeOnLoadAttributes (129ms)
				ProcessInitializeOnLoadMethodAttributes (53ms)
				AfterProcessingInitializeOnLoad (0ms)
				EditorAssembliesLoaded (0ms)
			ExecutionOrderSort2 (0ms)
			AwakeInstancesAfterBackupRestoration (0ms)
Platform modules already initialized, skipping
Registering precompiled user dll's ...
Registered in 0.015784 seconds.
Begin MonoManager ReloadAssembly
Symbol file LoadedFromMemory doesn't match image C:\Users\manga\OneDrive\Escritorio\unity projects\Plataformero 2d\Library\PackageCache\com.unity.visualscripting@1.8.0\Editor\VisualScripting.Core\Dependencies\YamlDotNet\Unity.VisualScripting.YamlDotNet.dll
Symbol file LoadedFromMemory doesn't match image C:\Users\manga\OneDrive\Escritorio\unity projects\Plataformero 2d\Library\PackageCache\com.unity.visualscripting@1.8.0\Editor\VisualScripting.Core\Dependencies\DotNetZip\Unity.VisualScripting.IonicZip.dll
Native extension for WindowsStandalone target not found
Refreshing native plugins compatible for Editor in 81.20 ms, found 4 plugins.
Preloading 0 native plugins for Editor in 0.00 ms.
Mono: successfully reloaded assembly
- Completed reload, in  1.176 seconds
Domain Reload Profiling:
	ReloadAssembly (1177ms)
		BeginReloadAssembly (147ms)
			ExecutionOrderSort (0ms)
			DisableScriptedObjects (6ms)
			BackupInstance (0ms)
			ReleaseScriptingObjects (0ms)
			CreateAndSetChildDomain (21ms)
		EndReloadAssembly (924ms)
			LoadAssemblies (130ms)
			RebuildTransferFunctionScriptingTraits (0ms)
			SetupTypeCache (244ms)
			ReleaseScriptCaches (1ms)
			RebuildScriptCaches (50ms)
			SetupLoadedEditorAssemblies (474ms)
				LogAssemblyErrors (0ms)
				InitializePlatformSupportModulesInManaged (5ms)
				SetLoadedEditorAssemblies (0ms)
				RefreshPlugins (81ms)
				BeforeProcessingInitializeOnLoad (104ms)
				ProcessInitializeOnLoadAttributes (236ms)
				ProcessInitializeOnLoadMethodAttributes (37ms)
				AfterProcessingInitializeOnLoad (10ms)
				EditorAssembliesLoaded (0ms)
			ExecutionOrderSort2 (0ms)
			AwakeInstancesAfterBackupRestoration (6ms)
Platform modules already initialized, skipping
========================================================================
Worker process is ready to serve import requests
Launched and connected shader compiler UnityShaderCompiler.exe after 0.06 seconds
Refreshing native plugins compatible for Editor in 0.91 ms, found 4 plugins.
Preloading 0 native plugins for Editor in 0.00 ms.
Unloading 3792 Unused Serialized files (Serialized files now loaded: 0)
Unloading 41 unused Assets / (229.4 KB). Loaded Objects now: 4247.
Memory consumption went from 146.2 MB to 145.9 MB.
Total: 3.472500 ms (FindLiveObjects: 0.330500 ms CreateObjectMapping: 0.124200 ms MarkObjects: 2.839200 ms  DeleteObjects: 0.177600 ms)

AssetImportParameters requested are different than current active one (requested -> active):
  custom:video-decoder-ogg-theora: a1e56fd34408186e4bbccfd4996cb3dc -> 
  custom:container-muxer-webm: aa71ff27fc2769a1b78a27578f13a17b -> 
  custom:container-demuxer-webm: 4f35f7cbe854078d1ac9338744f61a02 -> 
  custom:video-encoder-webm-vp8: eb34c28f22e8b96e1ab97ce403110664 -> 
  custom:video-codec-MediaFoundation-h265: 746d11721c4dcdbdad8f713fa42b33f4 -> 
  custom:audio-encoder-webm-vorbis: bf7c407c2cedff20999df2af8eb42d56 -> 
  custom:framework-win-MediaFoundation: 216162199b28c13a410421893ffa2e32 -> 
  custom:container-demuxer-ogg: 62fdf1f143b41e24485cea50d1cbac27 -> 
  custom:video-decoder-webm-vp8: 9c59270c3fd7afecdb556c50c9e8de78 -> 
  custom:audio-decoder-ogg-vorbis: bf7c407c2cedff20999df2af8eb42d56 -> 
========================================================================
Received Import Request.
  Time since last request: 344836.432219 seconds.
  path: Assets/prefabs/Start .prefab
  artifactKey: Guid(4cad216caf50c434db8eaf52b79131fe) Importer(815301076,1909f56bfc062723c751e8b465ee728b)
Start importing Assets/prefabs/Start .prefab using Guid(4cad216caf50c434db8eaf52b79131fe) Importer(815301076,1909f56bfc062723c751e8b465ee728b) The Animator Controller (Start (Moving) (64x64)_0) you have used is not valid. Animations will not play
UnityEngine.StackTraceUtility:ExtractStackTrace ()
UnityEditor.EditorUtility:Internal_InstantiateRemoveAllNonAnimationComponentsSingle (UnityEngine.Object,UnityEngine.Vector3,UnityEngine.Quaternion)
UnityEditor.EditorUtility:InstantiateRemoveAllNonAnimationComponents (UnityEngine.Object,UnityEngine.Vector3,UnityEngine.Quaternion)
UnityEditor.EditorUtility:InstantiateForAnimatorPreview (UnityEngine.Object)
UnityEditor.GameObjectInspector/PreviewData:UpdateGameObject (UnityEngine.Object)
UnityEditor.GameObjectInspector/PreviewData:.ctor (UnityEngine.Object)
UnityEditor.GameObjectInspector:GetPreviewData ()
UnityEditor.GameObjectInspector:RenderStaticPreview (string,UnityEngine.Object[],int,int)
UnityEditor.AssetPreviewUpdater:CreatePreview (UnityEngine.Object,UnityEngine.Object[],string,int,int)
UnityEditor.AssetPreviewUpdater:CreatePreviewForAsset (UnityEngine.Object,UnityEngine.Object[],string)

[C:\build\output\unity\unity\Modules\Animation\Director\AnimatorControllerPlayable.cpp line 333]

The Animator Controller (Start (Moving) (64x64)_0) you have used is not valid. Animations will not play
UnityEngine.StackTraceUtility:ExtractStackTrace ()
UnityEditor.EditorUtility:InitInstantiatedPreviewRecursive (UnityEngine.GameObject)
UnityEditor.EditorUtility:InstantiateForAnimatorPreview (UnityEngine.Object)
UnityEditor.GameObjectInspector/PreviewData:UpdateGameObject (UnityEngine.Object)
UnityEditor.GameObjectInspector/PreviewData:.ctor (UnityEngine.Object)
UnityEditor.GameObjectInspector:GetPreviewData ()
UnityEditor.GameObjectInspector:RenderStaticPreview (string,UnityEngine.Object[],int,int)
UnityEditor.AssetPreviewUpdater:CreatePreview (UnityEngine.Object,UnityEngine.Object[],string,int,int)
UnityEditor.AssetPreviewUpdater:CreatePreviewForAsset (UnityEngine.Object,UnityEngine.Object[],string)

[C:\build\output\unity\unity\Modules\Animation\Director\AnimatorControllerPlayable.cpp line 333]

 -> (artifact id: '373ed48a2ca53791bc1e3b9d16cae020') in 0.110173 seconds 
========================================================================
Received Import Request.
  Time since last request: 17.896335 seconds.
  path: Assets/Pixel Adventure 1/Assets/Terrain (16x16)_1.asset
  artifactKey: Guid(c0ef2839c8ad6aa4abe98f922ea566f3) Importer(815301076,1909f56bfc062723c751e8b465ee728b)
Start importing Assets/Pixel Adventure 1/Assets/Terrain (16x16)_1.asset using Guid(c0ef2839c8ad6aa4abe98f922ea566f3) Importer(815301076,1909f56bfc062723c751e8b465ee728b)  -> (artifact id: '2566179c52fa8f5e51ce01f3e6bc212a') in 0.020573 seconds 
========================================================================
Received Import Request.
  Time since last request: 0.011965 seconds.
  path: Assets/Pixel Adventure 1/Assets/Terrain (16x16)_6.asset
  artifactKey: Guid(e2262fe3fff9c5e49a2dc37e6d493e42) Importer(815301076,1909f56bfc062723c751e8b465ee728b)
Start importing Assets/Pixel Adventure 1/Assets/Terrain (16x16)_6.asset using Guid(e2262fe3fff9c5e49a2dc37e6d493e42) Importer(815301076,1909f56bfc062723c751e8b465ee728b)  -> (artifact id: '3def5a2d651ee2ec7e6aee8b48b7f9ab') in 0.019648 seconds 
========================================================================
Received Import Request.
  Time since last request: 0.000029 seconds.
  path: Assets/Pixel Adventure 1/Assets/Terrain (16x16)_16.asset
  artifactKey: Guid(550e7611303fdd447908266379209261) Importer(815301076,1909f56bfc062723c751e8b465ee728b)
Start importing Assets/Pixel Adventure 1/Assets/Terrain (16x16)_16.asset using Guid(550e7611303fdd447908266379209261) Importer(815301076,1909f56bfc062723c751e8b465ee728b)  -> (artifact id: '8335c153f76aa64089c098ad1851e613') in 0.019561 seconds 
========================================================================
Received Import Request.
  Time since last request: 0.000045 seconds.
  path: Assets/Pixel Adventure 1/Assets/Terrain (16x16)_14.asset
  artifactKey: Guid(f535a46abf6cee74dbeb5732402d9547) Importer(815301076,1909f56bfc062723c751e8b465ee728b)
Start importing Assets/Pixel Adventure 1/Assets/Terrain (16x16)_14.asset using Guid(f535a46abf6cee74dbeb5732402d9547) Importer(815301076,1909f56bfc062723c751e8b465ee728b)  -> (artifact id: 'e9207a239c8fa9d99890bee60487a8a1') in 0.018100 seconds 
========================================================================
Received Import Request.
  Time since last request: 0.000029 seconds.
  path: Assets/Pixel Adventure 1/Assets/Terrain (16x16)_17.asset
  artifactKey: Guid(f45355a1e174a144d8d3b657667a50f1) Importer(815301076,1909f56bfc062723c751e8b465ee728b)
Start importing Assets/Pixel Adventure 1/Assets/Terrain (16x16)_17.asset using Guid(f45355a1e174a144d8d3b657667a50f1) Importer(815301076,1909f56bfc062723c751e8b465ee728b)  -> (artifact id: 'd1e236bfc3245e86d495a6c83ee1765f') in 0.022850 seconds 
========================================================================
Received Import Request.
  Time since last request: 0.000049 seconds.
  path: Assets/Pixel Adventure 1/Assets/Terrain (16x16)_18.asset
  artifactKey: Guid(8986193a6fdc5c244adf4e202ea955af) Importer(815301076,1909f56bfc062723c751e8b465ee728b)
Start importing Assets/Pixel Adventure 1/Assets/Terrain (16x16)_18.asset using Guid(8986193a6fdc5c244adf4e202ea955af) Importer(815301076,1909f56bfc062723c751e8b465ee728b)  -> (artifact id: '6a15fde35ae00c782007e06ff2daba6e') in 0.023570 seconds 
========================================================================
Received Import Request.
  Time since last request: 0.000026 seconds.
  path: Assets/Pixel Adventure 1/Assets/Terrain (16x16)_11.asset
  artifactKey: Guid(c84a794330f86a24d9dad1a46d5cbfed) Importer(815301076,1909f56bfc062723c751e8b465ee728b)
Start importing Assets/Pixel Adventure 1/Assets/Terrain (16x16)_11.asset using Guid(c84a794330f86a24d9dad1a46d5cbfed) Importer(815301076,1909f56bfc062723c751e8b465ee728b)  -> (artifact id: '151ca408fdb9cd90dfb490560066d26d') in 0.016682 seconds 
========================================================================
Received Import Request.
  Time since last request: 0.000022 seconds.
  path: Assets/Pixel Adventure 1/Assets/Terrain (16x16)_3.asset
  artifactKey: Guid(df0cbfa95928ab2449ad409be8ed0ad7) Importer(815301076,1909f56bfc062723c751e8b465ee728b)
Start importing Assets/Pixel Adventure 1/Assets/Terrain (16x16)_3.asset using Guid(df0cbfa95928ab2449ad409be8ed0ad7) Importer(815301076,1909f56bfc062723c751e8b465ee728b)  -> (artifact id: '1189d5dd4b199b463fb896e9c0d38dcf') in 0.014592 seconds 
========================================================================
Received Import Request.
  Time since last request: 0.000041 seconds.
  path: Assets/Pixel Adventure 1/Assets/Terrain (16x16)_5.asset
  artifactKey: Guid(01ab159fe8987724cb886c68449c5421) Importer(815301076,1909f56bfc062723c751e8b465ee728b)
Start importing Assets/Pixel Adventure 1/Assets/Terrain (16x16)_5.asset using Guid(01ab159fe8987724cb886c68449c5421) Importer(815301076,1909f56bfc062723c751e8b465ee728b)  -> (artifact id: '6994a320acda633d45ce545dac91bb48') in 0.021301 seconds 
========================================================================
Received Import Request.
  Time since last request: 0.000064 seconds.
  path: Assets/Pixel Adventure 1/Assets/Terrain (16x16)_7.asset
  artifactKey: Guid(02956be1461efd64a99254a196302ad6) Importer(815301076,1909f56bfc062723c751e8b465ee728b)
Start importing Assets/Pixel Adventure 1/Assets/Terrain (16x16)_7.asset using Guid(02956be1461efd64a99254a196302ad6) Importer(815301076,1909f56bfc062723c751e8b465ee728b)  -> (artifact id: 'fb1423d0bd3e33cd99cb6193a3e62f5b') in 0.018670 seconds 
========================================================================
Received Import Request.
  Time since last request: 0.000029 seconds.
  path: Assets/Pixel Adventure 1/Assets/Terrain (16x16)_2.asset
  artifactKey: Guid(3834dc20a87530a4da1da956984bab64) Importer(815301076,1909f56bfc062723c751e8b465ee728b)
Start importing Assets/Pixel Adventure 1/Assets/Terrain (16x16)_2.asset using Guid(3834dc20a87530a4da1da956984bab64) Importer(815301076,1909f56bfc062723c751e8b465ee728b)  -> (artifact id: '6e0c0ee6ab2618702a50822da48b016b') in 0.019779 seconds 
========================================================================
Received Import Request.
  Time since last request: 2.811114 seconds.
  path: Assets/Pixel Adventure 1/Assets/Terrain (16x16)_20.asset
  artifactKey: Guid(148a284ec0186064bb156e2c8d11f5a4) Importer(815301076,1909f56bfc062723c751e8b465ee728b)
Start importing Assets/Pixel Adventure 1/Assets/Terrain (16x16)_20.asset using Guid(148a284ec0186064bb156e2c8d11f5a4) Importer(815301076,1909f56bfc062723c751e8b465ee728b)  -> (artifact id: '46ca4f136872b01783338fde17854f76') in 0.017262 seconds 
========================================================================
Received Import Request.
  Time since last request: 0.000029 seconds.
  path: Assets/Pixel Adventure 1/Assets/Terrain (16x16)_22.asset
  artifactKey: Guid(f6b0594517289bd4298a9329b128cf5e) Importer(815301076,1909f56bfc062723c751e8b465ee728b)
Start importing Assets/Pixel Adventure 1/Assets/Terrain (16x16)_22.asset using Guid(f6b0594517289bd4298a9329b128cf5e) Importer(815301076,1909f56bfc062723c751e8b465ee728b)  -> (artifact id: '6643bbcd0eb8db0babf7d9c7519c8488') in 0.017810 seconds 
========================================================================
Received Import Request.
  Time since last request: 0.000033 seconds.
  path: Assets/Pixel Adventure 1/Assets/Terrain (16x16)_23.asset
  artifactKey: Guid(396df3dbc0769764ebd158bc300c92c0) Importer(815301076,1909f56bfc062723c751e8b465ee728b)
Start importing Assets/Pixel Adventure 1/Assets/Terrain (16x16)_23.asset using Guid(396df3dbc0769764ebd158bc300c92c0) Importer(815301076,1909f56bfc062723c751e8b465ee728b)  -> (artifact id: '6510b4d8f801035924fae7fe113782b8') in 0.022923 seconds 
========================================================================
Received Import Request.
  Time since last request: 0.000023 seconds.
  path: Assets/Pixel Adventure 1/Assets/Terrain (16x16)_21.asset
  artifactKey: Guid(dccb31911b80d0b42924ec575ea124e9) Importer(815301076,1909f56bfc062723c751e8b465ee728b)
Start importing Assets/Pixel Adventure 1/Assets/Terrain (16x16)_21.asset using Guid(dccb31911b80d0b42924ec575ea124e9) Importer(815301076,1909f56bfc062723c751e8b465ee728b)  -> (artifact id: 'f606c29f868ed5be9c0a0c18643c6384') in 0.016363 seconds 
========================================================================
Received Import Request.
  Time since last request: 0.009835 seconds.
  path: Assets/Pixel Adventure 1/Assets/Terrain (16x16)_28.asset
  artifactKey: Guid(2f87633c8d2db554a9503233abd0c29d) Importer(815301076,1909f56bfc062723c751e8b465ee728b)
Start importing Assets/Pixel Adventure 1/Assets/Terrain (16x16)_28.asset using Guid(2f87633c8d2db554a9503233abd0c29d) Importer(815301076,1909f56bfc062723c751e8b465ee728b)  -> (artifact id: '76626d25df4502feba3ae51be414c2c7') in 0.017874 seconds 
========================================================================
Received Import Request.
  Time since last request: 0.000019 seconds.
  path: Assets/Pixel Adventure 1/Assets/Terrain (16x16)_33.asset
  artifactKey: Guid(0e36b438653e79943bc8b93d6ac49ae9) Importer(815301076,1909f56bfc062723c751e8b465ee728b)
Start importing Assets/Pixel Adventure 1/Assets/Terrain (16x16)_33.asset using Guid(0e36b438653e79943bc8b93d6ac49ae9) Importer(815301076,1909f56bfc062723c751e8b465ee728b)  -> (artifact id: 'fab690e0836bcbb03c386c09d355835c') in 0.018113 seconds 
========================================================================
Received Import Request.
  Time since last request: 0.000024 seconds.
  path: Assets/Pixel Adventure 1/Assets/Terrain (16x16)_31.asset
  artifactKey: Guid(182067e5b238fdc42aa17d73bdad1a87) Importer(815301076,1909f56bfc062723c751e8b465ee728b)
Start importing Assets/Pixel Adventure 1/Assets/Terrain (16x16)_31.asset using Guid(182067e5b238fdc42aa17d73bdad1a87) Importer(815301076,1909f56bfc062723c751e8b465ee728b)  -> (artifact id: '11eb1039573edc2083ac178f43d7cb20') in 0.018293 seconds 
========================================================================
Received Import Request.
  Time since last request: 0.000026 seconds.
  path: Assets/Pixel Adventure 1/Assets/Terrain (16x16)_32.asset
  artifactKey: Guid(664f7ddd816a97243b00c44e66121a58) Importer(815301076,1909f56bfc062723c751e8b465ee728b)
Start importing Assets/Pixel Adventure 1/Assets/Terrain (16x16)_32.asset using Guid(664f7ddd816a97243b00c44e66121a58) Importer(815301076,1909f56bfc062723c751e8b465ee728b)  -> (artifact id: '1bf34627a68f538bf0c5670c9f2bc3e7') in 0.018329 seconds 
========================================================================
Received Import Request.
  Time since last request: 0.000020 seconds.
  path: Assets/Pixel Adventure 1/Assets/Terrain (16x16)_36.asset
  artifactKey: Guid(f9b4c75057dc7d748b26acd032d49908) Importer(815301076,1909f56bfc062723c751e8b465ee728b)
Start importing Assets/Pixel Adventure 1/Assets/Terrain (16x16)_36.asset using Guid(f9b4c75057dc7d748b26acd032d49908) Importer(815301076,1909f56bfc062723c751e8b465ee728b)  -> (artifact id: 'd856279e1f1471cc44e3239c52bab5d2') in 0.016842 seconds 
========================================================================
Received Import Request.
  Time since last request: 0.000020 seconds.
  path: Assets/Pixel Adventure 1/Assets/Terrain (16x16)_37.asset
  artifactKey: Guid(c2ae00b9439befa41b1513bd8a28195a) Importer(815301076,1909f56bfc062723c751e8b465ee728b)
Start importing Assets/Pixel Adventure 1/Assets/Terrain (16x16)_37.asset using Guid(c2ae00b9439befa41b1513bd8a28195a) Importer(815301076,1909f56bfc062723c751e8b465ee728b)  -> (artifact id: '958104a1bba6f7423220fea0c6b1fabc') in 0.016844 seconds 
========================================================================
Received Import Request.
  Time since last request: 0.000030 seconds.
  path: Assets/Pixel Adventure 1/Assets/Terrain (16x16)_42.asset
  artifactKey: Guid(4488e82b49ded3c4bac5942cd42b65c7) Importer(815301076,1909f56bfc062723c751e8b465ee728b)
Start importing Assets/Pixel Adventure 1/Assets/Terrain (16x16)_42.asset using Guid(4488e82b49ded3c4bac5942cd42b65c7) Importer(815301076,1909f56bfc062723c751e8b465ee728b)  -> (artifact id: '6855ccd1e40418ed4e692379fa418cb2') in 0.021599 seconds 
========================================================================
Received Import Request.
  Time since last request: 0.000021 seconds.
  path: Assets/Pixel Adventure 1/Assets/Terrain (16x16)_41.asset
  artifactKey: Guid(7eabe6dc7df6f584a892b7d90d476dbf) Importer(815301076,1909f56bfc062723c751e8b465ee728b)
Start importing Assets/Pixel Adventure 1/Assets/Terrain (16x16)_41.asset using Guid(7eabe6dc7df6f584a892b7d90d476dbf) Importer(815301076,1909f56bfc062723c751e8b465ee728b)  -> (artifact id: 'a210e9335592686218cb0e0436ede2d2') in 0.020775 seconds 
========================================================================
Received Import Request.
  Time since last request: 0.543429 seconds.
  path: Assets/Pixel Adventure 1/Assets/Terrain (16x16)_44.asset
  artifactKey: Guid(3db1ef6ab3eb70648adbd095aee18e93) Importer(815301076,1909f56bfc062723c751e8b465ee728b)
Start importing Assets/Pixel Adventure 1/Assets/Terrain (16x16)_44.asset using Guid(3db1ef6ab3eb70648adbd095aee18e93) Importer(815301076,1909f56bfc062723c751e8b465ee728b)  -> (artifact id: '943aca3f25c37e94581531a39a47ae43') in 0.014317 seconds 
========================================================================
Received Import Request.
  Time since last request: 0.000018 seconds.
  path: Assets/Pixel Adventure 1/Assets/Terrain (16x16)_48.asset
  artifactKey: Guid(317956209a4b6154db5658f656238eca) Importer(815301076,1909f56bfc062723c751e8b465ee728b)
Start importing Assets/Pixel Adventure 1/Assets/Terrain (16x16)_48.asset using Guid(317956209a4b6154db5658f656238eca) Importer(815301076,1909f56bfc062723c751e8b465ee728b)  -> (artifact id: '744c972a51be0600e5c56836fa7e82de') in 0.023236 seconds 
========================================================================
Received Import Request.
  Time since last request: 0.000033 seconds.
  path: Assets/Pixel Adventure 1/Assets/Terrain (16x16)_47.asset
  artifactKey: Guid(0243611f84de3e74d82217aa23043379) Importer(815301076,1909f56bfc062723c751e8b465ee728b)
Start importing Assets/Pixel Adventure 1/Assets/Terrain (16x16)_47.asset using Guid(0243611f84de3e74d82217aa23043379) Importer(815301076,1909f56bfc062723c751e8b465ee728b)  -> (artifact id: '7c4aff59fd58ad3da725d768884c0841') in 0.022158 seconds 
========================================================================
Received Import Request.
  Time since last request: 0.000029 seconds.
  path: Assets/Pixel Adventure 1/Assets/Terrain (16x16)_52.asset
  artifactKey: Guid(7a3accba928f9c946a3163d77178408d) Importer(815301076,1909f56bfc062723c751e8b465ee728b)
Start importing Assets/Pixel Adventure 1/Assets/Terrain (16x16)_52.asset using Guid(7a3accba928f9c946a3163d77178408d) Importer(815301076,1909f56bfc062723c751e8b465ee728b)  -> (artifact id: 'd68fede986ce0523e3fb6864cc5fac9d') in 0.018222 seconds 
========================================================================
Received Import Request.
  Time since last request: 0.000048 seconds.
  path: Assets/Pixel Adventure 1/Assets/Terrain (16x16)_63.asset
  artifactKey: Guid(30985aa51995a284a834dd89b494e08f) Importer(815301076,1909f56bfc062723c751e8b465ee728b)
Start importing Assets/Pixel Adventure 1/Assets/Terrain (16x16)_63.asset using Guid(30985aa51995a284a834dd89b494e08f) Importer(815301076,1909f56bfc062723c751e8b465ee728b)  -> (artifact id: 'f513ffdd1fdb909dbafd79e783072db2') in 0.019297 seconds 
========================================================================
Received Import Request.
  Time since last request: 0.000032 seconds.
  path: Assets/Pixel Adventure 1/Assets/Terrain (16x16)_64.asset
  artifactKey: Guid(de0001abbb5ddd74496364f413f23f77) Importer(815301076,1909f56bfc062723c751e8b465ee728b)
Start importing Assets/Pixel Adventure 1/Assets/Terrain (16x16)_64.asset using Guid(de0001abbb5ddd74496364f413f23f77) Importer(815301076,1909f56bfc062723c751e8b465ee728b)  -> (artifact id: '5d0004cebfd4a67b9a425cbb0e454f14') in 0.019430 seconds 
========================================================================
Received Import Request.
  Time since last request: 0.000037 seconds.
  path: Assets/Pixel Adventure 1/Assets/Terrain (16x16)_72.asset
  artifactKey: Guid(fc0ba970b7762e34c80bbb32db12ad34) Importer(815301076,1909f56bfc062723c751e8b465ee728b)
Start importing Assets/Pixel Adventure 1/Assets/Terrain (16x16)_72.asset using Guid(fc0ba970b7762e34c80bbb32db12ad34) Importer(815301076,1909f56bfc062723c751e8b465ee728b)  -> (artifact id: '39d20fb38534aa9a5415fc08f141e604') in 0.018663 seconds 
========================================================================
Received Import Request.
  Time since last request: 0.000029 seconds.
  path: Assets/Pixel Adventure 1/Assets/Terrain (16x16)_74.asset
  artifactKey: Guid(56d6c3a0418766e43a8f19a8b187b619) Importer(815301076,1909f56bfc062723c751e8b465ee728b)
Start importing Assets/Pixel Adventure 1/Assets/Terrain (16x16)_74.asset using Guid(56d6c3a0418766e43a8f19a8b187b619) Importer(815301076,1909f56bfc062723c751e8b465ee728b)  -> (artifact id: '8be46282124ea45efc1f02aa88a9598f') in 0.016307 seconds 
========================================================================
Received Import Request.
  Time since last request: 0.000026 seconds.
  path: Assets/Pixel Adventure 1/Assets/Terrain (16x16)_84.asset
  artifactKey: Guid(0b27bce489ded574697770a6ab212ce1) Importer(815301076,1909f56bfc062723c751e8b465ee728b)
Start importing Assets/Pixel Adventure 1/Assets/Terrain (16x16)_84.asset using Guid(0b27bce489ded574697770a6ab212ce1) Importer(815301076,1909f56bfc062723c751e8b465ee728b)  -> (artifact id: '14dd88fc4d780171d32c1fd178cdf4e9') in 0.016530 seconds 
========================================================================
Received Import Request.
  Time since last request: 0.000026 seconds.
  path: Assets/Pixel Adventure 1/Assets/Terrain (16x16)_80.asset
  artifactKey: Guid(69e505a1dcf73864fa17b59c9085283f) Importer(815301076,1909f56bfc062723c751e8b465ee728b)
Start importing Assets/Pixel Adventure 1/Assets/Terrain (16x16)_80.asset using Guid(69e505a1dcf73864fa17b59c9085283f) Importer(815301076,1909f56bfc062723c751e8b465ee728b)  -> (artifact id: 'fce2f11cc77c6b559cba3f5d48962a5a') in 0.019171 seconds 
========================================================================
Received Import Request.
  Time since last request: 0.000026 seconds.
  path: Assets/Pixel Adventure 1/Assets/Terrain (16x16)_76.asset
  artifactKey: Guid(e36c48ade7d93de45bc3cd0f9fc873f6) Importer(815301076,1909f56bfc062723c751e8b465ee728b)
Start importing Assets/Pixel Adventure 1/Assets/Terrain (16x16)_76.asset using Guid(e36c48ade7d93de45bc3cd0f9fc873f6) Importer(815301076,1909f56bfc062723c751e8b465ee728b)  -> (artifact id: '7abb32b9ac061accc1da2773396b7ea6') in 0.017422 seconds 
========================================================================
Received Import Request.
  Time since last request: 0.000024 seconds.
  path: Assets/Pixel Adventure 1/Assets/Terrain (16x16)_81.asset
  artifactKey: Guid(7449d1ecbccbc20408054cbc11c33643) Importer(815301076,1909f56bfc062723c751e8b465ee728b)
Start importing Assets/Pixel Adventure 1/Assets/Terrain (16x16)_81.asset using Guid(7449d1ecbccbc20408054cbc11c33643) Importer(815301076,1909f56bfc062723c751e8b465ee728b)  -> (artifact id: 'b36091aa49f3bbddc607ca22cf39c577') in 0.018682 seconds 
========================================================================
Received Import Request.
  Time since last request: 0.000021 seconds.
  path: Assets/Pixel Adventure 1/Assets/Terrain (16x16)_67.asset
  artifactKey: Guid(62c72847c9730584aac2631fb99a2eab) Importer(815301076,1909f56bfc062723c751e8b465ee728b)
Start importing Assets/Pixel Adventure 1/Assets/Terrain (16x16)_67.asset using Guid(62c72847c9730584aac2631fb99a2eab) Importer(815301076,1909f56bfc062723c751e8b465ee728b)  -> (artifact id: 'cd6e46cd4626ddae06aa27989aa23113') in 0.015329 seconds 
========================================================================
Received Import Request.
  Time since last request: 0.000033 seconds.
  path: Assets/Pixel Adventure 1/Assets/Terrain (16x16)_69.asset
  artifactKey: Guid(37e37be32c7f3a147a677adf317a2a61) Importer(815301076,1909f56bfc062723c751e8b465ee728b)
Start importing Assets/Pixel Adventure 1/Assets/Terrain (16x16)_69.asset using Guid(37e37be32c7f3a147a677adf317a2a61) Importer(815301076,1909f56bfc062723c751e8b465ee728b)  -> (artifact id: '60522c47bcd9f31b206610ba1a13e06e') in 0.015844 seconds 
========================================================================
Received Import Request.
  Time since last request: 0.000046 seconds.
  path: Assets/Pixel Adventure 1/Assets/Terrain (16x16)_90.asset
  artifactKey: Guid(9da4c5f6d6e13cb4dbd094dcb65aead8) Importer(815301076,1909f56bfc062723c751e8b465ee728b)
Start importing Assets/Pixel Adventure 1/Assets/Terrain (16x16)_90.asset using Guid(9da4c5f6d6e13cb4dbd094dcb65aead8) Importer(815301076,1909f56bfc062723c751e8b465ee728b)  -> (artifact id: '17f056ef4775899b487278d957b98b4b') in 0.020099 seconds 
========================================================================
Received Import Request.
  Time since last request: 0.000040 seconds.
  path: Assets/Pixel Adventure 1/Assets/Terrain (16x16)_65.asset
  artifactKey: Guid(3d8bbf58fd389dd48b7ff81504f02d55) Importer(815301076,1909f56bfc062723c751e8b465ee728b)
Start importing Assets/Pixel Adventure 1/Assets/Terrain (16x16)_65.asset using Guid(3d8bbf58fd389dd48b7ff81504f02d55) Importer(815301076,1909f56bfc062723c751e8b465ee728b)  -> (artifact id: '3751307219cc61cb89da254d32f65419') in 0.022340 seconds 
========================================================================
Received Import Request.
  Time since last request: 0.000022 seconds.
  path: Assets/Pixel Adventure 1/Assets/Terrain (16x16)_87.asset
  artifactKey: Guid(7b5428e16e4250d41b2c10087b5e803d) Importer(815301076,1909f56bfc062723c751e8b465ee728b)
Start importing Assets/Pixel Adventure 1/Assets/Terrain (16x16)_87.asset using Guid(7b5428e16e4250d41b2c10087b5e803d) Importer(815301076,1909f56bfc062723c751e8b465ee728b)  -> (artifact id: 'be3d266e263704c923614075d8608b43') in 0.021663 seconds 
========================================================================
Received Import Request.
  Time since last request: 0.000038 seconds.
  path: Assets/Pixel Adventure 1/Assets/Terrain (16x16)_50.asset
  artifactKey: Guid(eddb0c873406d04469b439a428b943c5) Importer(815301076,1909f56bfc062723c751e8b465ee728b)
Start importing Assets/Pixel Adventure 1/Assets/Terrain (16x16)_50.asset using Guid(eddb0c873406d04469b439a428b943c5) Importer(815301076,1909f56bfc062723c751e8b465ee728b)  -> (artifact id: '0555f44f46ad091b757f500ab4e1d1f1') in 0.024608 seconds 
========================================================================
Received Import Request.
  Time since last request: 0.000051 seconds.
  path: Assets/Pixel Adventure 1/Assets/Terrain (16x16)_68.asset
  artifactKey: Guid(a473ffc115539ef4082a2456de5e5e88) Importer(815301076,1909f56bfc062723c751e8b465ee728b)
Start importing Assets/Pixel Adventure 1/Assets/Terrain (16x16)_68.asset using Guid(a473ffc115539ef4082a2456de5e5e88) Importer(815301076,1909f56bfc062723c751e8b465ee728b)  -> (artifact id: '59e5a4b4f2dea5a5763b0e31cd57efee') in 0.025661 seconds 
========================================================================
Received Import Request.
  Time since last request: 0.000038 seconds.
  path: Assets/Pixel Adventure 1/Assets/Terrain (16x16)_78.asset
  artifactKey: Guid(433cbbc568abd054c92daa4f5fe6af03) Importer(815301076,1909f56bfc062723c751e8b465ee728b)
Start importing Assets/Pixel Adventure 1/Assets/Terrain (16x16)_78.asset using Guid(433cbbc568abd054c92daa4f5fe6af03) Importer(815301076,1909f56bfc062723c751e8b465ee728b)  -> (artifact id: 'c5acb4391465cfc847d28b635649050f') in 0.023553 seconds 
========================================================================
Received Import Request.
  Time since last request: 0.000038 seconds.
  path: Assets/Pixel Adventure 1/Assets/Terrain (16x16)_75.asset
  artifactKey: Guid(310ad14685175ff4f84c08d058593be8) Importer(815301076,1909f56bfc062723c751e8b465ee728b)
Start importing Assets/Pixel Adventure 1/Assets/Terrain (16x16)_75.asset using Guid(310ad14685175ff4f84c08d058593be8) Importer(815301076,1909f56bfc062723c751e8b465ee728b)  -> (artifact id: '51f54a82c0087c9a5fbe3320efd08885') in 0.027181 seconds 
========================================================================
Received Import Request.
  Time since last request: 0.000035 seconds.
  path: Assets/Pixel Adventure 1/Assets/Terrain (16x16)_82.asset
  artifactKey: Guid(769d0f5624238014f95dd1d578e46b7d) Importer(815301076,1909f56bfc062723c751e8b465ee728b)
Start importing Assets/Pixel Adventure 1/Assets/Terrain (16x16)_82.asset using Guid(769d0f5624238014f95dd1d578e46b7d) Importer(815301076,1909f56bfc062723c751e8b465ee728b)  -> (artifact id: 'a0e358ecd37c5180e00e6c5b88f22130') in 0.024392 seconds 
========================================================================
Received Import Request.
  Time since last request: 0.000031 seconds.
  path: Assets/Pixel Adventure 1/Assets/Terrain (16x16)_61.asset
  artifactKey: Guid(4c54e5947d618554783827629b387973) Importer(815301076,1909f56bfc062723c751e8b465ee728b)
Start importing Assets/Pixel Adventure 1/Assets/Terrain (16x16)_61.asset using Guid(4c54e5947d618554783827629b387973) Importer(815301076,1909f56bfc062723c751e8b465ee728b)  -> (artifact id: '3946c6766d0effe6fd7f819f06ff35d2') in 0.023876 seconds 
========================================================================
Received Import Request.
  Time since last request: 0.000036 seconds.
  path: Assets/Pixel Adventure 1/Assets/Terrain (16x16)_70.asset
  artifactKey: Guid(07e6521a47470774f83f7d394c43efdb) Importer(815301076,1909f56bfc062723c751e8b465ee728b)
Start importing Assets/Pixel Adventure 1/Assets/Terrain (16x16)_70.asset using Guid(07e6521a47470774f83f7d394c43efdb) Importer(815301076,1909f56bfc062723c751e8b465ee728b)  -> (artifact id: '4ee45c465ba3619a2034ca412b722fa6') in 0.021625 seconds 
========================================================================
Received Import Request.
  Time since last request: 0.040123 seconds.
  path: Assets/Pixel Adventure 1/Assets/Terrain (16x16)_92.asset
  artifactKey: Guid(809f531b73ddecf4486987fffc9f914c) Importer(815301076,1909f56bfc062723c751e8b465ee728b)
Start importing Assets/Pixel Adventure 1/Assets/Terrain (16x16)_92.asset using Guid(809f531b73ddecf4486987fffc9f914c) Importer(815301076,1909f56bfc062723c751e8b465ee728b)  -> (artifact id: '5ec0d933f2710f11ac4fc6eab9d2a42b') in 0.018781 seconds 
========================================================================
Received Import Request.
  Time since last request: 0.000029 seconds.
  path: Assets/Pixel Adventure 1/Assets/Terrain (16x16)_101.asset
  artifactKey: Guid(ca1af2618debd874dbb0adcb29f898e0) Importer(815301076,1909f56bfc062723c751e8b465ee728b)
Start importing Assets/Pixel Adventure 1/Assets/Terrain (16x16)_101.asset using Guid(ca1af2618debd874dbb0adcb29f898e0) Importer(815301076,1909f56bfc062723c751e8b465ee728b)  -> (artifact id: 'f22273b264e8e75d5a1f10425aeaf731') in 0.018880 seconds 
========================================================================
Received Import Request.
  Time since last request: 0.000032 seconds.
  path: Assets/Pixel Adventure 1/Assets/Terrain (16x16)_116.asset
  artifactKey: Guid(7ec0a8521f96e4341b4505a55d737ba6) Importer(815301076,1909f56bfc062723c751e8b465ee728b)
Start importing Assets/Pixel Adventure 1/Assets/Terrain (16x16)_116.asset using Guid(7ec0a8521f96e4341b4505a55d737ba6) Importer(815301076,1909f56bfc062723c751e8b465ee728b)  -> (artifact id: '2d6257ed7744fd38db45ac363aeb3759') in 0.020934 seconds 
========================================================================
Received Import Request.
  Time since last request: 0.000025 seconds.
  path: Assets/Pixel Adventure 1/Assets/Terrain (16x16)_95.asset
  artifactKey: Guid(ad00fd62419aa6c4db998b46bbe54e07) Importer(815301076,1909f56bfc062723c751e8b465ee728b)
Start importing Assets/Pixel Adventure 1/Assets/Terrain (16x16)_95.asset using Guid(ad00fd62419aa6c4db998b46bbe54e07) Importer(815301076,1909f56bfc062723c751e8b465ee728b)  -> (artifact id: 'ea369131a3faa20726008531685a4924') in 0.020014 seconds 
========================================================================
Received Import Request.
  Time since last request: 0.000031 seconds.
  path: Assets/Pixel Adventure 1/Assets/Terrain (16x16)_127.asset
  artifactKey: Guid(5d3e45fd50067e640a151d683ecd9eb8) Importer(815301076,1909f56bfc062723c751e8b465ee728b)
Start importing Assets/Pixel Adventure 1/Assets/Terrain (16x16)_127.asset using Guid(5d3e45fd50067e640a151d683ecd9eb8) Importer(815301076,1909f56bfc062723c751e8b465ee728b)  -> (artifact id: '771e7959d5be32180555c2ae31282573') in 0.020193 seconds 
========================================================================
Received Import Request.
  Time since last request: 0.000059 seconds.
  path: Assets/Pixel Adventure 1/Assets/Terrain (16x16)_128.asset
  artifactKey: Guid(c38cfee2528d7bc4189cb0dba3837ff9) Importer(815301076,1909f56bfc062723c751e8b465ee728b)
Start importing Assets/Pixel Adventure 1/Assets/Terrain (16x16)_128.asset using Guid(c38cfee2528d7bc4189cb0dba3837ff9) Importer(815301076,1909f56bfc062723c751e8b465ee728b)  -> (artifact id: '3474010efe7e34ccc7fecaac0ef6403b') in 0.020499 seconds 
========================================================================
Received Import Request.
  Time since last request: 0.001558 seconds.
  path: Assets/Pixel Adventure 1/Assets/Terrain (16x16)_124.asset
  artifactKey: Guid(e401288ff2c8dd04c9d3affbcab5c3de) Importer(815301076,1909f56bfc062723c751e8b465ee728b)
Start importing Assets/Pixel Adventure 1/Assets/Terrain (16x16)_124.asset using Guid(e401288ff2c8dd04c9d3affbcab5c3de) Importer(815301076,1909f56bfc062723c751e8b465ee728b)  -> (artifact id: '7f5907aad294436f47d8d6bb08dd3e10') in 0.018606 seconds 
========================================================================
Received Import Request.
  Time since last request: 0.000044 seconds.
  path: Assets/Pixel Adventure 1/Assets/Terrain (16x16)_138.asset
  artifactKey: Guid(bed4d5217e90bdf4282e9ddf727f3853) Importer(815301076,1909f56bfc062723c751e8b465ee728b)
Start importing Assets/Pixel Adventure 1/Assets/Terrain (16x16)_138.asset using Guid(bed4d5217e90bdf4282e9ddf727f3853) Importer(815301076,1909f56bfc062723c751e8b465ee728b)  -> (artifact id: '07d2af12f6f4ae6021d5f1050bf7c385') in 0.016017 seconds 
========================================================================
Received Import Request.
  Time since last request: 0.000022 seconds.
  path: Assets/Pixel Adventure 1/Assets/Terrain (16x16)_94.asset
  artifactKey: Guid(265c7add44fc9b147a300f0b82b7dde5) Importer(815301076,1909f56bfc062723c751e8b465ee728b)
Start importing Assets/Pixel Adventure 1/Assets/Terrain (16x16)_94.asset using Guid(265c7add44fc9b147a300f0b82b7dde5) Importer(815301076,1909f56bfc062723c751e8b465ee728b)  -> (artifact id: '94142b6d8611828c3e4e326c44f66ae2') in 0.018208 seconds 
========================================================================
Received Import Request.
  Time since last request: 0.000026 seconds.
  path: Assets/Pixel Adventure 1/Assets/Terrain (16x16)_109.asset
  artifactKey: Guid(25822163d915128488d586117911651b) Importer(815301076,1909f56bfc062723c751e8b465ee728b)
Start importing Assets/Pixel Adventure 1/Assets/Terrain (16x16)_109.asset using Guid(25822163d915128488d586117911651b) Importer(815301076,1909f56bfc062723c751e8b465ee728b)  -> (artifact id: '3c504d5450fe58c04a0a62a30060a108') in 0.019350 seconds 
========================================================================
Received Import Request.
  Time since last request: 0.000028 seconds.
  path: Assets/Pixel Adventure 1/Assets/Terrain (16x16)_105.asset
  artifactKey: Guid(c6ed5223fd5c67b428e06076a0f6ae73) Importer(815301076,1909f56bfc062723c751e8b465ee728b)
Start importing Assets/Pixel Adventure 1/Assets/Terrain (16x16)_105.asset using Guid(c6ed5223fd5c67b428e06076a0f6ae73) Importer(815301076,1909f56bfc062723c751e8b465ee728b)  -> (artifact id: '3f25df7afaf827c0ad48cd3d2cb4562d') in 0.019737 seconds 
========================================================================
Received Import Request.
  Time since last request: 0.000080 seconds.
  path: Assets/Pixel Adventure 1/Assets/Terrain (16x16)_142.asset
  artifactKey: Guid(16d14d82492bc7d44b44b149215fea16) Importer(815301076,1909f56bfc062723c751e8b465ee728b)
Start importing Assets/Pixel Adventure 1/Assets/Terrain (16x16)_142.asset using Guid(16d14d82492bc7d44b44b149215fea16) Importer(815301076,1909f56bfc062723c751e8b465ee728b)  -> (artifact id: '0b6b060d5c8ddcacdeab15dbd29f4f78') in 0.015594 seconds 
========================================================================
Received Import Request.
  Time since last request: 0.000032 seconds.
  path: Assets/Pixel Adventure 1/Assets/Terrain (16x16)_93.asset
  artifactKey: Guid(252a9861518097948bfa46f801b135b1) Importer(815301076,1909f56bfc062723c751e8b465ee728b)
Start importing Assets/Pixel Adventure 1/Assets/Terrain (16x16)_93.asset using Guid(252a9861518097948bfa46f801b135b1) Importer(815301076,1909f56bfc062723c751e8b465ee728b)  -> (artifact id: 'c9f9a19a9f425c462bafaa970df22e4d') in 0.017985 seconds 
========================================================================
Received Import Request.
  Time since last request: 0.000029 seconds.
  path: Assets/Pixel Adventure 1/Assets/Terrain (16x16)_112.asset
  artifactKey: Guid(e85b063931c582c48831514385d1783d) Importer(815301076,1909f56bfc062723c751e8b465ee728b)
Start importing Assets/Pixel Adventure 1/Assets/Terrain (16x16)_112.asset using Guid(e85b063931c582c48831514385d1783d) Importer(815301076,1909f56bfc062723c751e8b465ee728b)  -> (artifact id: 'dbb1174d940e6a5dda9d1f693c44798d') in 0.020385 seconds 
========================================================================
Received Import Request.
  Time since last request: 0.000041 seconds.
  path: Assets/Pixel Adventure 1/Assets/Terrain (16x16)_104.asset
  artifactKey: Guid(16cbd5ffce1d66c4a8eff1ef0c2d5878) Importer(815301076,1909f56bfc062723c751e8b465ee728b)
Start importing Assets/Pixel Adventure 1/Assets/Terrain (16x16)_104.asset using Guid(16cbd5ffce1d66c4a8eff1ef0c2d5878) Importer(815301076,1909f56bfc062723c751e8b465ee728b)  -> (artifact id: 'b19e19c9184e7d1305f1558f6a33e788') in 0.021633 seconds 
========================================================================
Received Import Request.
  Time since last request: 0.000058 seconds.
  path: Assets/Pixel Adventure 1/Assets/Terrain (16x16)_137.asset
  artifactKey: Guid(7e66d2c7f1226b34c9fd6018e357ffe4) Importer(815301076,1909f56bfc062723c751e8b465ee728b)
Start importing Assets/Pixel Adventure 1/Assets/Terrain (16x16)_137.asset using Guid(7e66d2c7f1226b34c9fd6018e357ffe4) Importer(815301076,1909f56bfc062723c751e8b465ee728b)  -> (artifact id: 'd0ac6874ed4cbf2bc288e2bb8346a38e') in 0.020154 seconds 
========================================================================
Received Import Request.
  Time since last request: 0.000026 seconds.
  path: Assets/Pixel Adventure 1/Assets/Terrain (16x16)_115.asset
  artifactKey: Guid(eb9ad228e7d7e874abc1ef74e6b2788f) Importer(815301076,1909f56bfc062723c751e8b465ee728b)
Start importing Assets/Pixel Adventure 1/Assets/Terrain (16x16)_115.asset using Guid(eb9ad228e7d7e874abc1ef74e6b2788f) Importer(815301076,1909f56bfc062723c751e8b465ee728b)  -> (artifact id: '43a2a474e35a996ca382a1f751cfd237') in 0.016767 seconds 
========================================================================
Received Import Request.
  Time since last request: 0.000071 seconds.
  path: Assets/Pixel Adventure 1/Assets/Terrain (16x16)_106.asset
  artifactKey: Guid(cf60af21b430635429f115f6308c41e2) Importer(815301076,1909f56bfc062723c751e8b465ee728b)
Start importing Assets/Pixel Adventure 1/Assets/Terrain (16x16)_106.asset using Guid(cf60af21b430635429f115f6308c41e2) Importer(815301076,1909f56bfc062723c751e8b465ee728b)  -> (artifact id: '3dabea007de31b2fb6baeffca0282b79') in 0.021015 seconds 
========================================================================
Received Import Request.
  Time since last request: 0.000031 seconds.
  path: Assets/Pixel Adventure 1/Assets/Terrain (16x16)_134.asset
  artifactKey: Guid(75685f5597337d34ab8c1605007e7f85) Importer(815301076,1909f56bfc062723c751e8b465ee728b)
Start importing Assets/Pixel Adventure 1/Assets/Terrain (16x16)_134.asset using Guid(75685f5597337d34ab8c1605007e7f85) Importer(815301076,1909f56bfc062723c751e8b465ee728b)  -> (artifact id: '89b6af90090212e56d949c86b6c7c18a') in 0.019883 seconds 
========================================================================
Received Import Request.
  Time since last request: 0.000030 seconds.
  path: Assets/Pixel Adventure 1/Assets/Terrain (16x16)_129.asset
  artifactKey: Guid(0bcaf82739cc640458e6b2968d547427) Importer(815301076,1909f56bfc062723c751e8b465ee728b)
Start importing Assets/Pixel Adventure 1/Assets/Terrain (16x16)_129.asset using Guid(0bcaf82739cc640458e6b2968d547427) Importer(815301076,1909f56bfc062723c751e8b465ee728b)  -> (artifact id: 'fa1299ee5d3d494a2d499cf3910f7895') in 0.021371 seconds 
========================================================================
Received Import Request.
  Time since last request: 0.000026 seconds.
  path: Assets/Pixel Adventure 1/Assets/Terrain (16x16)_122.asset
  artifactKey: Guid(0f222cf8520d0704b98deba91f47051c) Importer(815301076,1909f56bfc062723c751e8b465ee728b)
Start importing Assets/Pixel Adventure 1/Assets/Terrain (16x16)_122.asset using Guid(0f222cf8520d0704b98deba91f47051c) Importer(815301076,1909f56bfc062723c751e8b465ee728b)  -> (artifact id: '87cf3b09f00041521a25da65887ca8d0') in 0.021871 seconds 
========================================================================
Received Import Request.
  Time since last request: 0.000029 seconds.
  path: Assets/Pixel Adventure 1/Assets/Terrain (16x16)_100.asset
  artifactKey: Guid(73a08fc40d979744a80dbeea103d2026) Importer(815301076,1909f56bfc062723c751e8b465ee728b)
Start importing Assets/Pixel Adventure 1/Assets/Terrain (16x16)_100.asset using Guid(73a08fc40d979744a80dbeea103d2026) Importer(815301076,1909f56bfc062723c751e8b465ee728b)  -> (artifact id: 'e1f3d97c51cd26bb292152e911ab2cdc') in 0.018482 seconds 
========================================================================
Received Import Request.
  Time since last request: 0.000028 seconds.
  path: Assets/Pixel Adventure 1/Assets/Terrain (16x16)_103.asset
  artifactKey: Guid(2f591fdc5b0390341a719455f32673db) Importer(815301076,1909f56bfc062723c751e8b465ee728b)
Start importing Assets/Pixel Adventure 1/Assets/Terrain (16x16)_103.asset using Guid(2f591fdc5b0390341a719455f32673db) Importer(815301076,1909f56bfc062723c751e8b465ee728b)  -> (artifact id: '3b25ef94fb1500466f4aee87975636ed') in 0.021340 seconds 
========================================================================
Received Import Request.
  Time since last request: 0.000033 seconds.
  path: Assets/Pixel Adventure 1/Assets/Terrain (16x16)_98.asset
  artifactKey: Guid(45b9e265e14aa23478f1720b313fcc54) Importer(815301076,1909f56bfc062723c751e8b465ee728b)
Start importing Assets/Pixel Adventure 1/Assets/Terrain (16x16)_98.asset using Guid(45b9e265e14aa23478f1720b313fcc54) Importer(815301076,1909f56bfc062723c751e8b465ee728b)  -> (artifact id: '76cd644b3f3c1b0ca675a48df5b0058d') in 0.023271 seconds 
========================================================================
Received Import Request.
  Time since last request: 0.000041 seconds.
  path: Assets/Pixel Adventure 1/Assets/Terrain (16x16)_110.asset
  artifactKey: Guid(6fb2289b4ab311740bf220714f6e43b6) Importer(815301076,1909f56bfc062723c751e8b465ee728b)
Start importing Assets/Pixel Adventure 1/Assets/Terrain (16x16)_110.asset using Guid(6fb2289b4ab311740bf220714f6e43b6) Importer(815301076,1909f56bfc062723c751e8b465ee728b)  -> (artifact id: '2289398e76dd5d9244a80c7b7a19e19e') in 0.025844 seconds 
========================================================================
Received Prepare
Registering precompiled user dll's ...
Registered in 0.018138 seconds.
Begin MonoManager ReloadAssembly
Symbol file LoadedFromMemory doesn't match image C:\Users\manga\OneDrive\Escritorio\unity projects\Plataformero 2d\Library\PackageCache\com.unity.visualscripting@1.8.0\Editor\VisualScripting.Core\Dependencies\YamlDotNet\Unity.VisualScripting.YamlDotNet.dll
Symbol file LoadedFromMemory doesn't match image C:\Users\manga\OneDrive\Escritorio\unity projects\Plataformero 2d\Library\PackageCache\com.unity.visualscripting@1.8.0\Editor\VisualScripting.Core\Dependencies\DotNetZip\Unity.VisualScripting.IonicZip.dll
Native extension for WindowsStandalone target not found
Refreshing native plugins compatible for Editor in 1.11 ms, found 4 plugins.
Preloading 0 native plugins for Editor in 0.00 ms.
Mono: successfully reloaded assembly
- Completed reload, in  1.250 seconds
Domain Reload Profiling:
	ReloadAssembly (1250ms)
		BeginReloadAssembly (187ms)
			ExecutionOrderSort (0ms)
			DisableScriptedObjects (7ms)
			BackupInstance (0ms)
			ReleaseScriptingObjects (0ms)
			CreateAndSetChildDomain (43ms)
		EndReloadAssembly (939ms)
			LoadAssemblies (152ms)
			RebuildTransferFunctionScriptingTraits (0ms)
			SetupTypeCache (277ms)
			ReleaseScriptCaches (2ms)
			RebuildScriptCaches (50ms)
			SetupLoadedEditorAssemblies (426ms)
				LogAssemblyErrors (0ms)
				InitializePlatformSupportModulesInManaged (8ms)
				SetLoadedEditorAssemblies (1ms)
				RefreshPlugins (1ms)
				BeforeProcessingInitializeOnLoad (103ms)
				ProcessInitializeOnLoadAttributes (255ms)
				ProcessInitializeOnLoadMethodAttributes (43ms)
				AfterProcessingInitializeOnLoad (15ms)
				EditorAssembliesLoaded (0ms)
			ExecutionOrderSort2 (0ms)
			AwakeInstancesAfterBackupRestoration (11ms)
Platform modules already initialized, skipping
Refreshing native plugins compatible for Editor in 3.64 ms, found 4 plugins.
Preloading 0 native plugins for Editor in 0.00 ms.
Unloading 3774 Unused Serialized files (Serialized files now loaded: 0)
Unloading 28 unused Assets / (196.0 KB). Loaded Objects now: 4260.
Memory consumption went from 148.9 MB to 148.7 MB.
Total: 3.013300 ms (FindLiveObjects: 0.240600 ms CreateObjectMapping: 0.172400 ms MarkObjects: 2.439400 ms  DeleteObjects: 0.159800 ms)

AssetImportParameters requested are different than current active one (requested -> active):
  custom:video-decoder-ogg-theora: a1e56fd34408186e4bbccfd4996cb3dc -> 
  custom:container-muxer-webm: aa71ff27fc2769a1b78a27578f13a17b -> 
  custom:container-demuxer-webm: 4f35f7cbe854078d1ac9338744f61a02 -> 
  custom:video-encoder-webm-vp8: eb34c28f22e8b96e1ab97ce403110664 -> 
  custom:video-codec-MediaFoundation-h265: 746d11721c4dcdbdad8f713fa42b33f4 -> 
  custom:audio-encoder-webm-vorbis: bf7c407c2cedff20999df2af8eb42d56 -> 
  custom:framework-win-MediaFoundation: 216162199b28c13a410421893ffa2e32 -> 
  custom:container-demuxer-ogg: 62fdf1f143b41e24485cea50d1cbac27 -> 
  custom:video-decoder-webm-vp8: 9c59270c3fd7afecdb556c50c9e8de78 -> 
  custom:audio-decoder-ogg-vorbis: bf7c407c2cedff20999df2af8eb42d56 -> 
========================================================================
Received Prepare
Registering precompiled user dll's ...
Registered in 0.022034 seconds.
Begin MonoManager ReloadAssembly
Symbol file LoadedFromMemory doesn't match image C:\Users\manga\OneDrive\Escritorio\unity projects\Plataformero 2d\Library\PackageCache\com.unity.visualscripting@1.8.0\Editor\VisualScripting.Core\Dependencies\YamlDotNet\Unity.VisualScripting.YamlDotNet.dll
Symbol file LoadedFromMemory doesn't match image C:\Users\manga\OneDrive\Escritorio\unity projects\Plataformero 2d\Library\PackageCache\com.unity.visualscripting@1.8.0\Editor\VisualScripting.Core\Dependencies\DotNetZip\Unity.VisualScripting.IonicZip.dll
Native extension for WindowsStandalone target not found
Refreshing native plugins compatible for Editor in 0.87 ms, found 4 plugins.
Preloading 0 native plugins for Editor in 0.00 ms.
Mono: successfully reloaded assembly
- Completed reload, in  1.389 seconds
Domain Reload Profiling:
	ReloadAssembly (1389ms)
		BeginReloadAssembly (207ms)
			ExecutionOrderSort (0ms)
			DisableScriptedObjects (7ms)
			BackupInstance (0ms)
			ReleaseScriptingObjects (0ms)
			CreateAndSetChildDomain (62ms)
		EndReloadAssembly (1048ms)
			LoadAssemblies (164ms)
			RebuildTransferFunctionScriptingTraits (0ms)
			SetupTypeCache (348ms)
			ReleaseScriptCaches (2ms)
			RebuildScriptCaches (56ms)
			SetupLoadedEditorAssemblies (431ms)
				LogAssemblyErrors (0ms)
				InitializePlatformSupportModulesInManaged (8ms)
				SetLoadedEditorAssemblies (0ms)
				RefreshPlugins (1ms)
				BeforeProcessingInitializeOnLoad (105ms)
				ProcessInitializeOnLoadAttributes (249ms)
				ProcessInitializeOnLoadMethodAttributes (47ms)
				AfterProcessingInitializeOnLoad (20ms)
				EditorAssembliesLoaded (0ms)
			ExecutionOrderSort2 (0ms)
			AwakeInstancesAfterBackupRestoration (12ms)
Platform modules already initialized, skipping
Refreshing native plugins compatible for Editor in 4.09 ms, found 4 plugins.
Preloading 0 native plugins for Editor in 0.00 ms.
Unloading 3775 Unused Serialized files (Serialized files now loaded: 0)
Unloading 28 unused Assets / (196.0 KB). Loaded Objects now: 4264.
Memory consumption went from 148.9 MB to 148.8 MB.
Total: 3.361900 ms (FindLiveObjects: 0.271600 ms CreateObjectMapping: 0.217800 ms MarkObjects: 2.695500 ms  DeleteObjects: 0.175600 ms)

AssetImportParameters requested are different than current active one (requested -> active):
  custom:video-decoder-ogg-theora: a1e56fd34408186e4bbccfd4996cb3dc -> 
  custom:container-muxer-webm: aa71ff27fc2769a1b78a27578f13a17b -> 
  custom:container-demuxer-webm: 4f35f7cbe854078d1ac9338744f61a02 -> 
  custom:video-encoder-webm-vp8: eb34c28f22e8b96e1ab97ce403110664 -> 
  custom:video-codec-MediaFoundation-h265: 746d11721c4dcdbdad8f713fa42b33f4 -> 
  custom:audio-encoder-webm-vorbis: bf7c407c2cedff20999df2af8eb42d56 -> 
  custom:framework-win-MediaFoundation: 216162199b28c13a410421893ffa2e32 -> 
  custom:container-demuxer-ogg: 62fdf1f143b41e24485cea50d1cbac27 -> 
  custom:video-decoder-webm-vp8: 9c59270c3fd7afecdb556c50c9e8de78 -> 
  custom:audio-decoder-ogg-vorbis: bf7c407c2cedff20999df2af8eb42d56 -> 
========================================================================
Received Prepare
Registering precompiled user dll's ...
Registered in 0.014260 seconds.
Begin MonoManager ReloadAssembly
Symbol file LoadedFromMemory doesn't match image C:\Users\manga\OneDrive\Escritorio\unity projects\Plataformero 2d\Library\PackageCache\com.unity.visualscripting@1.8.0\Editor\VisualScripting.Core\Dependencies\YamlDotNet\Unity.VisualScripting.YamlDotNet.dll
Symbol file LoadedFromMemory doesn't match image C:\Users\manga\OneDrive\Escritorio\unity projects\Plataformero 2d\Library\PackageCache\com.unity.visualscripting@1.8.0\Editor\VisualScripting.Core\Dependencies\DotNetZip\Unity.VisualScripting.IonicZip.dll
Native extension for WindowsStandalone target not found
Refreshing native plugins compatible for Editor in 1.04 ms, found 4 plugins.
Preloading 0 native plugins for Editor in 0.00 ms.
Mono: successfully reloaded assembly
- Completed reload, in  0.971 seconds
Domain Reload Profiling:
	ReloadAssembly (971ms)
		BeginReloadAssembly (159ms)
			ExecutionOrderSort (0ms)
			DisableScriptedObjects (8ms)
			BackupInstance (0ms)
			ReleaseScriptingObjects (0ms)
			CreateAndSetChildDomain (33ms)
		EndReloadAssembly (707ms)
			LoadAssemblies (133ms)
			RebuildTransferFunctionScriptingTraits (0ms)
			SetupTypeCache (201ms)
			ReleaseScriptCaches (1ms)
			RebuildScriptCaches (37ms)
			SetupLoadedEditorAssemblies (311ms)
				LogAssemblyErrors (0ms)
				InitializePlatformSupportModulesInManaged (8ms)
				SetLoadedEditorAssemblies (0ms)
				RefreshPlugins (1ms)
				BeforeProcessingInitializeOnLoad (68ms)
				ProcessInitializeOnLoadAttributes (188ms)
				ProcessInitializeOnLoadMethodAttributes (33ms)
				AfterProcessingInitializeOnLoad (12ms)
				EditorAssembliesLoaded (0ms)
			ExecutionOrderSort2 (0ms)
			AwakeInstancesAfterBackupRestoration (12ms)
Platform modules already initialized, skipping
Refreshing native plugins compatible for Editor in 3.31 ms, found 4 plugins.
Preloading 0 native plugins for Editor in 0.00 ms.
Unloading 3775 Unused Serialized files (Serialized files now loaded: 0)
Unloading 28 unused Assets / (196.0 KB). Loaded Objects now: 4267.
Memory consumption went from 148.9 MB to 148.8 MB.
Total: 4.220900 ms (FindLiveObjects: 0.359600 ms CreateObjectMapping: 0.105500 ms MarkObjects: 3.599300 ms  DeleteObjects: 0.155200 ms)

AssetImportParameters requested are different than current active one (requested -> active):
  custom:video-decoder-ogg-theora: a1e56fd34408186e4bbccfd4996cb3dc -> 
  custom:container-muxer-webm: aa71ff27fc2769a1b78a27578f13a17b -> 
  custom:container-demuxer-webm: 4f35f7cbe854078d1ac9338744f61a02 -> 
  custom:video-encoder-webm-vp8: eb34c28f22e8b96e1ab97ce403110664 -> 
  custom:video-codec-MediaFoundation-h265: 746d11721c4dcdbdad8f713fa42b33f4 -> 
  custom:audio-encoder-webm-vorbis: bf7c407c2cedff20999df2af8eb42d56 -> 
  custom:framework-win-MediaFoundation: 216162199b28c13a410421893ffa2e32 -> 
  custom:container-demuxer-ogg: 62fdf1f143b41e24485cea50d1cbac27 -> 
  custom:video-decoder-webm-vp8: 9c59270c3fd7afecdb556c50c9e8de78 -> 
  custom:audio-decoder-ogg-vorbis: bf7c407c2cedff20999df2af8eb42d56 -> 
========================================================================
Received Import Request.
  Time since last request: 714.957078 seconds.
  path: Assets/Pixel Adventure 1/Assets/Background/Blue_1.asset
  artifactKey: Guid(471e3fcb8dcae8942b750aef73251be0) Importer(815301076,1909f56bfc062723c751e8b465ee728b)
Start importing Assets/Pixel Adventure 1/Assets/Background/Blue_1.asset using Guid(471e3fcb8dcae8942b750aef73251be0) Importer(815301076,1909f56bfc062723c751e8b465ee728b)  -> (artifact id: '5619542d7f2e2022cde62f403a42cf0a') in 0.041164 seconds 
========================================================================
Received Import Request.
  Time since last request: 0.004450 seconds.
  path: Assets/Pixel Adventure 1/Assets/Background/Blue_6.asset
  artifactKey: Guid(4836454ed92fa1b47971fa9c38ea3384) Importer(815301076,1909f56bfc062723c751e8b465ee728b)
Start importing Assets/Pixel Adventure 1/Assets/Background/Blue_6.asset using Guid(4836454ed92fa1b47971fa9c38ea3384) Importer(815301076,1909f56bfc062723c751e8b465ee728b)  -> (artifact id: 'a5e16f29e4b25cfa8ec1fbbca120ef10') in 0.046502 seconds 
========================================================================
Received Import Request.
  Time since last request: 0.000070 seconds.
  path: Assets/Pixel Adventure 1/Assets/Background/Blue_3.asset
  artifactKey: Guid(f4f42a97c44e45d4d8209449d58642bb) Importer(815301076,1909f56bfc062723c751e8b465ee728b)
Start importing Assets/Pixel Adventure 1/Assets/Background/Blue_3.asset using Guid(f4f42a97c44e45d4d8209449d58642bb) Importer(815301076,1909f56bfc062723c751e8b465ee728b)  -> (artifact id: 'ac46b70f8ff278dc98f095e583eee647') in 0.020802 seconds 
========================================================================
Received Import Request.
  Time since last request: 0.000032 seconds.
  path: Assets/Pixel Adventure 1/Assets/Background/Blue_5.asset
  artifactKey: Guid(0ed52cbb3f3f1114aa0ecd8a665ac4b6) Importer(815301076,1909f56bfc062723c751e8b465ee728b)
Start importing Assets/Pixel Adventure 1/Assets/Background/Blue_5.asset using Guid(0ed52cbb3f3f1114aa0ecd8a665ac4b6) Importer(815301076,1909f56bfc062723c751e8b465ee728b)  -> (artifact id: '1c277ac469ec16e0fa8948dd4d74d5fe') in 0.020855 seconds 
========================================================================
Received Prepare
Registering precompiled user dll's ...
Registered in 0.018682 seconds.
Begin MonoManager ReloadAssembly
Symbol file LoadedFromMemory doesn't match image C:\Users\manga\OneDrive\Escritorio\unity projects\Plataformero 2d\Library\PackageCache\com.unity.visualscripting@1.8.0\Editor\VisualScripting.Core\Dependencies\YamlDotNet\Unity.VisualScripting.YamlDotNet.dll
Symbol file LoadedFromMemory doesn't match image C:\Users\manga\OneDrive\Escritorio\unity projects\Plataformero 2d\Library\PackageCache\com.unity.visualscripting@1.8.0\Editor\VisualScripting.Core\Dependencies\DotNetZip\Unity.VisualScripting.IonicZip.dll
Native extension for WindowsStandalone target not found
Refreshing native plugins compatible for Editor in 1.17 ms, found 4 plugins.
Preloading 0 native plugins for Editor in 0.00 ms.
Mono: successfully reloaded assembly
- Completed reload, in  1.438 seconds
Domain Reload Profiling:
	ReloadAssembly (1439ms)
		BeginReloadAssembly (207ms)
			ExecutionOrderSort (0ms)
			DisableScriptedObjects (10ms)
			BackupInstance (0ms)
			ReleaseScriptingObjects (0ms)
			CreateAndSetChildDomain (42ms)
		EndReloadAssembly (1067ms)
			LoadAssemblies (181ms)
			RebuildTransferFunctionScriptingTraits (0ms)
			SetupTypeCache (310ms)
			ReleaseScriptCaches (3ms)
			RebuildScriptCaches (63ms)
			SetupLoadedEditorAssemblies (473ms)
				LogAssemblyErrors (0ms)
				InitializePlatformSupportModulesInManaged (9ms)
				SetLoadedEditorAssemblies (1ms)
				RefreshPlugins (1ms)
				BeforeProcessingInitializeOnLoad (109ms)
				ProcessInitializeOnLoadAttributes (283ms)
				ProcessInitializeOnLoadMethodAttributes (47ms)
				AfterProcessingInitializeOnLoad (23ms)
				EditorAssembliesLoaded (0ms)
			ExecutionOrderSort2 (0ms)
			AwakeInstancesAfterBackupRestoration (13ms)
Platform modules already initialized, skipping
Refreshing native plugins compatible for Editor in 5.86 ms, found 4 plugins.
Preloading 0 native plugins for Editor in 0.00 ms.
Unloading 3775 Unused Serialized files (Serialized files now loaded: 0)
Unloading 28 unused Assets / (196.0 KB). Loaded Objects now: 4271.
Memory consumption went from 149.4 MB to 149.2 MB.
Total: 5.880800 ms (FindLiveObjects: 0.368200 ms CreateObjectMapping: 0.355300 ms MarkObjects: 4.891500 ms  DeleteObjects: 0.263900 ms)

AssetImportParameters requested are different than current active one (requested -> active):
  custom:video-decoder-ogg-theora: a1e56fd34408186e4bbccfd4996cb3dc -> 
  custom:container-muxer-webm: aa71ff27fc2769a1b78a27578f13a17b -> 
  custom:container-demuxer-webm: 4f35f7cbe854078d1ac9338744f61a02 -> 
  custom:video-encoder-webm-vp8: eb34c28f22e8b96e1ab97ce403110664 -> 
  custom:video-codec-MediaFoundation-h265: 746d11721c4dcdbdad8f713fa42b33f4 -> 
  custom:audio-encoder-webm-vorbis: bf7c407c2cedff20999df2af8eb42d56 -> 
  custom:framework-win-MediaFoundation: 216162199b28c13a410421893ffa2e32 -> 
  custom:container-demuxer-ogg: 62fdf1f143b41e24485cea50d1cbac27 -> 
  custom:video-decoder-webm-vp8: 9c59270c3fd7afecdb556c50c9e8de78 -> 
  custom:audio-decoder-ogg-vorbis: bf7c407c2cedff20999df2af8eb42d56 -> 
========================================================================
Received Prepare
Registering precompiled user dll's ...
Registered in 0.025466 seconds.
Begin MonoManager ReloadAssembly
Symbol file LoadedFromMemory doesn't match image C:\Users\manga\OneDrive\Escritorio\unity projects\Plataformero 2d\Library\PackageCache\com.unity.visualscripting@1.8.0\Editor\VisualScripting.Core\Dependencies\YamlDotNet\Unity.VisualScripting.YamlDotNet.dll
Symbol file LoadedFromMemory doesn't match image C:\Users\manga\OneDrive\Escritorio\unity projects\Plataformero 2d\Library\PackageCache\com.unity.visualscripting@1.8.0\Editor\VisualScripting.Core\Dependencies\DotNetZip\Unity.VisualScripting.IonicZip.dll
Native extension for WindowsStandalone target not found
Refreshing native plugins compatible for Editor in 1.42 ms, found 4 plugins.
Preloading 0 native plugins for Editor in 0.00 ms.
Mono: successfully reloaded assembly
- Completed reload, in  1.499 seconds
Domain Reload Profiling:
	ReloadAssembly (1501ms)
		BeginReloadAssembly (217ms)
			ExecutionOrderSort (0ms)
			DisableScriptedObjects (11ms)
			BackupInstance (0ms)
			ReleaseScriptingObjects (0ms)
			CreateAndSetChildDomain (42ms)
		EndReloadAssembly (1108ms)
			LoadAssemblies (192ms)
			RebuildTransferFunctionScriptingTraits (0ms)
			SetupTypeCache (325ms)
			ReleaseScriptCaches (2ms)
			RebuildScriptCaches (61ms)
			SetupLoadedEditorAssemblies (501ms)
				LogAssemblyErrors (0ms)
				InitializePlatformSupportModulesInManaged (10ms)
				SetLoadedEditorAssemblies (1ms)
				RefreshPlugins (2ms)
				BeforeProcessingInitializeOnLoad (112ms)
				ProcessInitializeOnLoadAttributes (308ms)
				ProcessInitializeOnLoadMethodAttributes (48ms)
				AfterProcessingInitializeOnLoad (20ms)
				EditorAssembliesLoaded (0ms)
			ExecutionOrderSort2 (0ms)
			AwakeInstancesAfterBackupRestoration (17ms)
Platform modules already initialized, skipping
Refreshing native plugins compatible for Editor in 5.43 ms, found 4 plugins.
Preloading 0 native plugins for Editor in 0.00 ms.
Unloading 3775 Unused Serialized files (Serialized files now loaded: 0)
Unloading 28 unused Assets / (196.1 KB). Loaded Objects now: 4274.
Memory consumption went from 149.4 MB to 149.2 MB.
Total: 4.405100 ms (FindLiveObjects: 0.434600 ms CreateObjectMapping: 0.140800 ms MarkObjects: 3.587100 ms  DeleteObjects: 0.240000 ms)

AssetImportParameters requested are different than current active one (requested -> active):
  custom:video-decoder-ogg-theora: a1e56fd34408186e4bbccfd4996cb3dc -> 
  custom:container-muxer-webm: aa71ff27fc2769a1b78a27578f13a17b -> 
  custom:container-demuxer-webm: 4f35f7cbe854078d1ac9338744f61a02 -> 
  custom:video-encoder-webm-vp8: eb34c28f22e8b96e1ab97ce403110664 -> 
  custom:video-codec-MediaFoundation-h265: 746d11721c4dcdbdad8f713fa42b33f4 -> 
  custom:audio-encoder-webm-vorbis: bf7c407c2cedff20999df2af8eb42d56 -> 
  custom:framework-win-MediaFoundation: 216162199b28c13a410421893ffa2e32 -> 
  custom:container-demuxer-ogg: 62fdf1f143b41e24485cea50d1cbac27 -> 
  custom:video-decoder-webm-vp8: 9c59270c3fd7afecdb556c50c9e8de78 -> 
  custom:audio-decoder-ogg-vorbis: bf7c407c2cedff20999df2af8eb42d56 -> 
Editor requested this worker to shutdown with reason: Scaling down because of idle timeout
AssetImportWorker is now disconnected from the server
Process exiting
Exiting without the bug reporter. Application will terminate with return code 0